<?xml version="1.0" encoding="UTF-8"?>
<!-- Generated by org.testng.reporters.JUnitReportReporter -->
<testsuite hostname="preethys-mbp.lan" failures="0" tests="6" name="testCases.TestCases" time="2.357" errors="0" timestamp="2022-08-15T22:36:20 BST" skipped="0">
  <testcase classname="testCases.TestCases" name="testGetRequest_HappyCase" time="1.179"/>
  <system-out/>
  <testcase classname="testCases.TestCases" name="testGetRequest_UnhappyCase" time="0.145"/>
  <system-out/>
  <testcase classname="testCases.TestCases" name="testPostRequest_HappyCase" time="0.604"/>
  <system-out/>
  <testcase classname="testCases.TestCases" name="testPostRequest_UnhappyCase" time="0.137"/>
  <system-out/>
  <testcase classname="testCases.TestCases" name="testPutRequest_HappyCase" time="0.134"/>
  <system-out/>
  <testcase classname="testCases.TestCases" name="testDeleteRequest_HappyCase" time="0.158"/>
  <system-out/>
</testsuite> <!-- testCases.TestCases -->
